2021-11-14 17:19:44,818:WARNING:discord.client: PyNaCl is not installed, voice will NOT be supported
2021-11-14 17:19:44,819:INFO:discord.client: logging in using static token
2021-11-14 17:19:44,891:DEBUG:discord.http: GET https://discord.com/api/v7/users/@me with None has returned 200
2021-11-14 17:19:44,892:DEBUG:discord.http: GET https://discord.com/api/v7/users/@me has received {'id': '909198118887776267', 'username': 'manason', 'avatar': None, 'discriminator': '7225', 'public_flags': 0, 'flags': 0, 'bot': True, 'banner': None, 'banner_color': None, 'accent_color': None, 'bio': '', 'locale': 'en-US', 'mfa_enabled': True, 'email': None, 'verified': True}
2021-11-14 17:19:44,904:DEBUG:discord.http: GET https://discord.com/api/v7/gateway with None has returned 200
2021-11-14 17:19:44,904:DEBUG:discord.http: GET https://discord.com/api/v7/gateway has received {'url': 'wss://gateway.discord.gg'}
2021-11-14 17:19:44,950:DEBUG:discord.gateway: Created websocket connected to wss://gateway.discord.gg?encoding=json&v=6&compress=zlib-stream
2021-11-14 17:19:44,950:DEBUG:discord.client: Dispatching event socket_raw_receive
2021-11-14 17:19:44,950:DEBUG:discord.gateway: For Shard ID None: WebSocket Event: {'t': None, 's': None, 'op': 10, 'd': {'heartbeat_interval': 41250, '_trace': ['["gateway-prd-main-s6fh",{"micros":0.0}]']}}
2021-11-14 17:19:44,950:DEBUG:discord.client: Dispatching event socket_response
2021-11-14 17:19:44,950:DEBUG:discord.client: Dispatching event socket_raw_send
2021-11-14 17:19:44,951:DEBUG:discord.client: Dispatching event socket_raw_send
2021-11-14 17:19:44,951:INFO:discord.gateway: Shard ID None has sent the IDENTIFY payload.
2021-11-14 17:19:44,974:DEBUG:discord.client: Dispatching event socket_raw_receive
2021-11-14 17:19:44,974:DEBUG:discord.gateway: For Shard ID None: WebSocket Event: {'t': None, 's': None, 'op': 11, 'd': None}
2021-11-14 17:19:44,974:DEBUG:discord.client: Dispatching event socket_response
2021-11-14 17:19:45,072:DEBUG:discord.client: Dispatching event socket_raw_receive
2021-11-14 17:19:45,072:DEBUG:discord.gateway: For Shard ID None: WebSocket Event: {'t': 'READY', 's': 1, 'op': 0, 'd': {'v': 6, 'user_settings': {}, 'user': {'verified': True, 'username': 'manason', 'mfa_enabled': True, 'id': '909198118887776267', 'flags': 0, 'email': None, 'discriminator': '7225', 'bot': True, 'avatar': None}, 'session_id': 'ea8958db28d536a961dd5082026060ab', 'relationships': [], 'private_channels': [], 'presences': [], 'guilds': [{'unavailable': True, 'id': '887750269616664597'}], 'guild_join_requests': [], 'geo_ordered_rtc_regions': ['us-east', 'newark', 'atlanta', 'us-central', 'us-south'], 'application': {'id': '909198118887776267', 'flags': 262144}, '_trace': ['["gateway-prd-main-s6fh",{"micros":94822,"calls":["discord-sessions-blue-prd-2-45",{"micros":93948,"calls":["start_session",{"micros":35382,"calls":["api-prd-main-kt2t",{"micros":31710,"calls":["get_user",{"micros":6292},"add_authorized_ip",{"micros":1609},"get_guilds",{"micros":3767},"coros_wait",{"micros":1}]}]},"guilds_connect",{"micros":2,"calls":[]},"presence_connect",{"micros":33846,"calls":[]}]}]}]']}}
2021-11-14 17:19:45,072:DEBUG:discord.client: Dispatching event socket_response
2021-11-14 17:19:45,072:INFO:discord.gateway: Shard ID None has connected to Gateway: ["gateway-prd-main-s6fh",{"micros":94822,"calls":["discord-sessions-blue-prd-2-45",{"micros":93948,"calls":["start_session",{"micros":35382,"calls":["api-prd-main-kt2t",{"micros":31710,"calls":["get_user",{"micros":6292},"add_authorized_ip",{"micros":1609},"get_guilds",{"micros":3767},"coros_wait",{"micros":1}]}]},"guilds_connect",{"micros":2,"calls":[]},"presence_connect",{"micros":33846,"calls":[]}]}]}] (Session ID: ea8958db28d536a961dd5082026060ab).
2021-11-14 17:19:45,079:DEBUG:discord.client: Dispatching event connect
2021-11-14 17:19:45,080:DEBUG:discord.client: Dispatching event socket_raw_receive
2021-11-14 17:19:45,080:DEBUG:discord.gateway: For Shard ID None: WebSocket Event: {'t': 'GUILD_CREATE', 's': 2, 'op': 0, 'd': {'afk_timeout': 300, 'channels': [{'type': 4, 'position': 0, 'permission_overwrites': [], 'name': 'Text Channels', 'id': '887750270287757354'}, {'type': 4, 'position': 0, 'permission_overwrites': [], 'name': 'Voice Channels', 'id': '887750270287757355'}, {'type': 0, 'topic': None, 'rate_limit_per_user': 0, 'position': 0, 'permission_overwrites': [], 'parent_id': '887750270287757354', 'name': 'general', 'last_message_id': '909490238999629855', 'id': '887750270287757356'}, {'user_limit': 0, 'type': 2, 'rtc_region': None, 'rate_limit_per_user': 0, 'position': 0, 'permission_overwrites': [], 'parent_id': '887750270287757355', 'name': 'General', 'last_message_id': None, 'id': '887750270287757357', 'bitrate': 64000}], 'premium_subscription_count': 0, 'member_count': 3, 'name': 'mana', 'max_members': 250000, 'description': None, 'owner_id': '883415493501915166', 'public_updates_channel_id': None, 'application_id': None, 'guild_hashes': {'version': 1, 'roles': {'omitted': False, 'hash': 'X+itD8eY9dY'}, 'metadata': {'omitted': False, 'hash': 'u2v9ZyDMt4k'}, 'channels': {'omitted': False, 'hash': '25aPYzhqZME'}}, 'guild_scheduled_events': [], 'afk_channel_id': None, 'presences': [], 'mfa_level': 0, 'joined_at': '2021-11-14T06:38:26.915643+00:00', 'max_video_channel_users': 25, 'explicit_content_filter': 0, 'stickers': [], 'discovery_splash': None, 'features': [], 'default_message_notifications': 0, 'application_command_counts': {'3': 0, '2': 0, '1': 0}, 'premium_tier': 0, 'emojis': [], 'threads': [], 'region': 'us-south', 'nsfw_level': 0, 'icon': None, 'splash': None, 'roles': [{'unicode_emoji': None, 'position': 0, 'permissions_new': '1071698660929', 'permissions': 104320577, 'name': '@everyone', 'mentionable': False, 'managed': False, 'id': '887750269616664597', 'icon': None, 'hoist': False, 'color': 0}], 'unavailable': False, 'verification_level': 0, 'id': '887750269616664597', 'nsfw': False, 'system_channel_flags': 0, 'banner': None, 'stage_instances': [], 'vanity_url_code': None, 'system_channel_id': '887750270287757356', 'preferred_locale': 'en-US', 'voice_states': [], 'premium_progress_bar_enabled': False, 'members': [{'user': {'username': 'manason', 'id': '909198118887776267', 'discriminator': '7225', 'bot': True, 'avatar': None}, 'roles': [], 'premium_since': None, 'pending': False, 'nick': None, 'mute': False, 'joined_at': '2021-11-14T06:38:26.915643+00:00', 'is_pending': False, 'hoisted_role': None, 'deaf': False, 'communication_disabled_until': None, 'avatar': None}], 'large': False, 'application_command_count': 0, 'rules_channel_id': None, 'lazy': True, 'embedded_activities': []}}
2021-11-14 17:19:45,080:DEBUG:discord.client: Dispatching event socket_response
2021-11-14 17:19:45,080:DEBUG:discord.client: Dispatching event guild_available
2021-11-14 17:19:47,082:DEBUG:discord.client: Dispatching event ready
2021-11-14 17:19:47,082:INFO:discord: Manabot launched succesfully
2021-11-14 17:19:57,354:INFO:discord.client: Cleaning up tasks.
2021-11-14 17:19:57,354:INFO:discord.client: Cleaning up after 1 tasks.
2021-11-14 17:19:57,354:INFO:discord.client: All tasks finished cancelling.
2021-11-14 17:19:57,410:INFO:discord.client: Closing the event loop.
